<?xml version="1.0" encoding="UTF-8"?>
<!-- Generated by org.testng.reporters.JUnitXMLReporter -->
<testsuite ignored="0" hostname="DESKTOP-VUHHK71" failures="0" tests="9" name="Test" time="2.411" errors="0" timestamp="2024-06-08T20:57:39 IST">
  <testcase classname="testNG.TestNG6timeout" name="demo" time="2.08"/>
  <testcase classname="testNG.TestNGDepends_On_Method" name="TC10" time="0.003"/>
  <testcase classname="testNG.TestNGDepends_On_Method" name="login" time="0.009"/>
  <testcase classname="testNG.TestNGDepends_On_Method" name="Logout" time="0.011"/>
  <testcase classname="testNG.TestNG1" name="testCase1" time="0.012"/>
  <testcase classname="testNG.TestNG1" name="testCase2" time="0.01"/>
  <testcase classname="testNG.TestNG4Alphabetically" name="demo" time="0.005"/>
  <testcase classname="testNG.TestNG4Alphabetically" name="sample" time="0.003"/>
  <testcase classname="testNG.TestNG4Alphabetically" name="test" time="0.006"/>
</testsuite> <!-- Test -->
