<?xml version="1.0" encoding="UTF-8"?>
<testng-results ignored="0" total="1" passed="1" failed="0" skipped="0">
  <reporter-output>
    <line>
      <![CDATA[Demo is running ]]>
    </line>
  </reporter-output>
  <suite started-at="2024-06-07T08:55:31 IST" name="Default suite" finished-at="2024-06-07T08:55:34 IST" duration-ms="2169">
    <groups>
    </groups>
    <test started-at="2024-06-07T08:55:31 IST" name="Default test" finished-at="2024-06-07T08:55:34 IST" duration-ms="2169">
      <class name="testNG.TestNG6timeout">
        <test-method signature="demo()[pri:0, instance:testNG.TestNG6timeout@53045c6c]" started-at="2024-06-07T08:55:32 IST" name="demo" finished-at="2024-06-07T08:55:34 IST" duration-ms="2069" status="PASS">
          <reporter-output>
            <line>
              <![CDATA[Demo is running ]]>
            </line>
          </reporter-output>
        </test-method> <!-- demo -->
      </class> <!-- testNG.TestNG6timeout -->
    </test> <!-- Default test -->
  </suite> <!-- Default suite -->
</testng-results>
